<?xml version="1.0" encoding="UTF-8"?>
<!-- Generated by org.testng.reporters.JUnitReportReporter -->
<testsuite hostname="LAPTOP-96V3ECC4" failures="0" tests="1" name="Ravikiran.seleniumframeworkDesign.Addcart" time="3.508" errors="0" timestamp="2024-01-27T11:40:12 IST" skipped="0">
  <testcase classname="Ravikiran.seleniumframeworkDesign.Addcart" name="submitorder" time="3.508"/>
</testsuite> <!-- Ravikiran.seleniumframeworkDesign.Addcart -->
