<?xml version="1.0" encoding="UTF-8"?>
<!-- Generated by org.testng.reporters.JUnitReportReporter -->
<testsuite hostname="LAPTOP-96V3ECC4" failures="0" tests="1" name="Ravikiran.seleniumframeworkDesign.Addcart" time="10.184" errors="0" timestamp="2024-01-26T20:03:28 IST" skipped="0">
  <testcase classname="Ravikiran.seleniumframeworkDesign.Addcart" name="submitorder" time="10.184"/>
</testsuite> <!-- Ravikiran.seleniumframeworkDesign.Addcart -->
