<?xml version="1.0" encoding="UTF-8"?>
<!-- Generated by org.testng.reporters.JUnitReportReporter -->
<testsuite hostname="LAPTOP-96V3ECC4" failures="0" tests="3" name="Ravikiran.seleniumframeworkDesign.Addcart" time="7.438" errors="0" timestamp="2024-01-29T11:20:33 IST" skipped="0">
  <testcase classname="Ravikiran.seleniumframeworkDesign.Addcart" name="submitorder" time="3.289"/>
  <testcase classname="Ravikiran.seleniumframeworkDesign.Addcart" name="oderHistory" time="0.671"/>
  <testcase classname="Ravikiran.seleniumframeworkDesign.Addcart" name="submitorder" time="3.478"/>
</testsuite> <!-- Ravikiran.seleniumframeworkDesign.Addcart -->
