<?xml version="1.0" encoding="UTF-8"?>
<!-- Generated by org.testng.reporters.JUnitReportReporter -->
<testsuite hostname="LAPTOP-96V3ECC4" failures="0" tests="1" name="Ravikiran.seleniumframeworkDesign.errorvalidation" time="0.848" errors="0" timestamp="2024-01-28T11:42:03 IST" skipped="0">
  <testcase classname="Ravikiran.seleniumframeworkDesign.errorvalidation" name="submitorder" time="0.848"/>
</testsuite> <!-- Ravikiran.seleniumframeworkDesign.errorvalidation -->
